<?xml version="1.0" encoding="UTF-8"?>
<!-- Generated by org.testng.reporters.JUnitReportReporter -->
<testsuite hostname="USER-20150227QC" name="com.mr.abc.TestJsonPath" tests="1" failures="0" timestamp="20 May 2017 08:33:03 GMT" time="1.016" errors="0">
  <testcase name="jsonPathTest" time="1.016" classname="com.mr.abc.TestJsonPath"/>
</testsuite> <!-- com.mr.abc.TestJsonPath -->
