<?xml version="1.0" encoding="UTF-8"?>
<!-- Generated by org.testng.reporters.JUnitReportReporter -->
<testsuite hostname="USER-20150227QC" name="search.searchResult.TestSearch" tests="1" failures="0" timestamp="22 May 2017 10:50:55 GMT" time="1.000" errors="0">
  <testcase name="testSearch" time="1.000" classname="search.searchResult.TestSearch"/>
</testsuite> <!-- search.searchResult.TestSearch -->
